<?xml version="1.0" encoding="UTF-8"?>
<testng-results skipped="0" failed="0" ignored="0" total="1" passed="1">
  <reporter-output>
  </reporter-output>
  <suite name="Default suite" duration-ms="121554" started-at="2020-06-20T13:45:06Z" finished-at="2020-06-20T13:47:08Z">
    <groups>
    </groups>
    <test name="Default test" duration-ms="121554" started-at="2020-06-20T13:45:06Z" finished-at="2020-06-20T13:47:08Z">
      <class name="com.crm.qa.testcases.Challenge2.LandingPageTest">
        <test-method status="PASS" signature="setUp()[pri:0, instance:com.crm.qa.testcases.Challenge2.LandingPageTest@63021689]" name="setUp" is-config="true" duration-ms="10908" started-at="2020-06-20T19:15:06Z" finished-at="2020-06-20T19:15:17Z">
          <reporter-output>
          </reporter-output>
        </test-method> <!-- setUp -->
        <test-method status="PASS" signature="landingPageTest()[pri:1, instance:com.crm.qa.testcases.Challenge2.LandingPageTest@63021689]" name="landingPageTest" duration-ms="109579" started-at="2020-06-20T19:15:17Z" finished-at="2020-06-20T19:17:07Z">
          <reporter-output>
          </reporter-output>
        </test-method> <!-- landingPageTest -->
        <test-method status="PASS" signature="tearDown()[pri:0, instance:com.crm.qa.testcases.Challenge2.LandingPageTest@63021689]" name="tearDown" is-config="true" duration-ms="1030" started-at="2020-06-20T19:17:07Z" finished-at="2020-06-20T19:17:08Z">
          <reporter-output>
          </reporter-output>
        </test-method> <!-- tearDown -->
      </class> <!-- com.crm.qa.testcases.Challenge2.LandingPageTest -->
    </test> <!-- Default test -->
  </suite> <!-- Default suite -->
</testng-results>
